#
# There is insufficient memory for the Java Runtime Environment to continue.
# Native memory allocation (malloc) failed to allocate 1048576 bytes for AllocateHeap
# Possible reasons:
#   The system is out of physical RAM or swap space
#   The process is running with CompressedOops enabled, and the Java Heap may be blocking the growth of the native heap
# Possible solutions:
#   Reduce memory load on the system
#   Increase physical memory or swap space
#   Check if swap backing store is full
#   Decrease Java heap size (-Xmx/-Xms)
#   Decrease number of Java threads
#   Decrease Java thread stack sizes (-Xss)
#   Set larger code cache with -XX:ReservedCodeCacheSize=
#   JVM is running with Unscaled Compressed Oops mode in which the Java heap is
#     placed in the first 4GB address space. The Java Heap base address is the
#     maximum limit for the native heap growth. Please use -XX:HeapBaseMinAddress
#     to set the Java Heap base and to place the Java Heap above 4GB virtual address.
# This output file may be truncated or incomplete.
#
#  Out of Memory Error (./open/src/hotspot/share/memory/allocation.cpp:44), pid=14772, tid=3788
#
# JRE version: OpenJDK Runtime Environment (14.0.2+12) (build 14.0.2+12-46)
# Java VM: OpenJDK 64-Bit Server VM (14.0.2+12-46, mixed mode, tiered, compressed oops, g1 gc, windows-amd64)
# No core dump will be written. Minidumps are not enabled by default on client versions of Windows
#

---------------  S U M M A R Y ------------

Command Line: -Dcom.sun.management.jmxremote -Dcom.sun.management.jmxremote.port=54938 -Dcom.sun.management.jmxremote.authenticate=false -Dcom.sun.management.jmxremote.ssl=false -Djava.rmi.server.hostname=localhost -Dspring.jmx.enabled=true -Dspring.application.admin.enabled=true -Xverify:none -XX:TieredStopAtLevel=1 -Dspring.boot.project.name=RegestrationManagement8 -Dfile.encoding=UTF-8 -XX:+ShowCodeDetailsInExceptionMessages com.sumit.feign.RegestrationManagementApplication --spring.output.ansi.enabled=always

Host: Intel(R) Xeon(R) CPU           E5645  @ 2.40GHz, 4 cores, 7G,  Windows 10 , 64 bit Build 17134 (10.0.17134.1)
Time: Wed Nov 24 16:00:46 2021 India Standard Time elapsed time: 356 seconds (0d 0h 5m 56s)

---------------  T H R E A D  ---------------

Current thread (0x000001e864618800):  VMThread "VM Thread" [stack: 0x00000065c2300000,0x00000065c2400000] [id=3788]

Stack: [0x00000065c2300000,0x00000065c2400000]
[error occurred during error reporting (printing stack bounds), id 0xc0000005, EXCEPTION_ACCESS_VIOLATION (0xc0000005) at pc=0x000001e84dd610bd]

Native frames: (J=compiled Java code, j=interpreted, Vv=VM code, C=native code)
V  [jvm.dll+0x5f8a9a]
V  [jvm.dll+0x74247a]
V  [jvm.dll+0x743c2f]
V  [jvm.dll+0x7441d5]
V  [jvm.dll+0x74418b]
V  [jvm.dll+0x5f7f6f]
V  [jvm.dll+0x5f8738]
C  [ntdll.dll+0x9eced]
C  [ntdll.dll+0x6c86]
C  [ntdll.dll+0x9dc1e]
C  0x000001e84dd610bd

VM_Operation (0x00000065c1bfee10): G1CollectFull, mode: safepoint, requested by thread 0x000001e868e03800


---------------  P R O C E S S  ---------------

Threads class SMR info:
_java_thread_list=0x000001e868dc2620, length=18, elements={
0x000001e864e34800, 0x000001e864e38800, 0x000001e864e56800, 0x000001e864e57800,
0x000001e864e5a000, 0x000001e864e50000, 0x000001e864e80800, 0x000001e864ee4800,
0x000001e865059800, 0x000001e865765800, 0x000001e865578800, 0x000001e865579000,
0x000001e8658ac800, 0x000001e865a99800, 0x000001e8665e4800, 0x000001e8656d9000,
0x000001e868e09000, 0x000001e868e03800
}

Java Threads: ( => current thread )
  0x000001e864e34800 JavaThread "Reference Handler" daemon [_thread_blocked, id=8460, stack(0x00000065c2400000,0x00000065c2500000)]
  0x000001e864e38800 JavaThread "Finalizer" daemon [_thread_blocked, id=14356, stack(0x00000065c2500000,0x00000065c2600000)]
  0x000001e864e56800 JavaThread "Signal Dispatcher" daemon [_thread_blocked, id=9520, stack(0x00000065c2600000,0x00000065c2700000)]
  0x000001e864e57800 JavaThread "Attach Listener" daemon [_thread_blocked, id=5100, stack(0x00000065c2700000,0x00000065c2800000)]
  0x000001e864e5a000 JavaThread "Service Thread" daemon [_thread_blocked, id=5020, stack(0x00000065c2800000,0x00000065c2900000)]
  0x000001e864e50000 JavaThread "C1 CompilerThread0" daemon [_thread_blocked, id=15192, stack(0x00000065c2900000,0x00000065c2a00000)]
  0x000001e864e80800 JavaThread "Sweeper thread" daemon [_thread_blocked, id=1712, stack(0x00000065c2a00000,0x00000065c2b00000)]
  0x000001e864ee4800 JavaThread "Common-Cleaner" daemon [_thread_blocked, id=9916, stack(0x00000065c2b00000,0x00000065c2c00000)]
  0x000001e865059800 JavaThread "Notification Thread" daemon [_thread_blocked, id=15660, stack(0x00000065c2c00000,0x00000065c2d00000)]
  0x000001e865765800 JavaThread "RMI TCP Accept-0" daemon [_thread_in_native, id=2160, stack(0x00000065c2e00000,0x00000065c2f00000)]
  0x000001e865578800 JavaThread "RMI TCP Accept-54938" daemon [_thread_in_native, id=1516, stack(0x00000065c2f00000,0x00000065c3000000)]
  0x000001e865579000 JavaThread "RMI TCP Accept-0" daemon [_thread_in_native, id=4600, stack(0x00000065c3000000,0x00000065c3100000)]
  0x000001e8658ac800 JavaThread "RMI TCP Connection(idle)" daemon [_thread_blocked, id=12344, stack(0x00000065c3700000,0x00000065c3800000)]
  0x000001e865a99800 JavaThread "RMI Scheduler(0)" daemon [_thread_blocked, id=4540, stack(0x00000065c3800000,0x00000065c3900000)]
  0x000001e8665e4800 JavaThread "JMX server connection timeout 20" daemon [_thread_blocked, id=6176, stack(0x00000065c3900000,0x00000065c3a00000)]
  0x000001e8656d9000 JavaThread "mysql-cj-abandoned-connection-cleanup" daemon [_thread_blocked, id=16292, stack(0x00000065c4000000,0x00000065c4100000)]
  0x000001e868e09000 JavaThread "DestroyJavaVM" [_thread_blocked, id=12972, stack(0x00000065c1d00000,0x00000065c1e00000)]
  0x000001e868e03800 JavaThread "Thread-1" [_thread_blocked, id=7448, stack(0x00000065c1b00000,0x00000065c1c00000)]

Other Threads:
=>0x000001e864618800 VMThread "VM Thread" [stack: 0x00000065c2300000,0x00000065c2400000] [id=3788]
  0x000001e8655cb800 WatcherThread [stack: 0x00000065c3100000,0x00000065c3200000] [id=8396]
  0x000001e848920800 GCTaskThread "GC Thread#0" [stack: 0x00000065c1e00000,0x00000065c1f00000] [id=10280]
  0x000001e865790800 GCTaskThread "GC Thread#1" [stack: 0x00000065c3200000,0x00000065c3300000] [id=5464]
  0x000001e865810000 GCTaskThread "GC Thread#2" [stack: 0x00000065c3300000,0x00000065c3400000] [id=12584]
  0x000001e866823000 GCTaskThread "GC Thread#3" [stack: 0x00000065c3d00000,0x00000065c3e00000] [id=10928]
  0x000001e848932000 ConcurrentGCThread "G1 Main Marker" [stack: 0x00000065c1f00000,0x00000065c2000000] [id=8660]
  0x000001e848934800 ConcurrentGCThread "G1 Conc#0" [stack: 0x00000065c2000000,0x00000065c2100000] [id=15172]
  0x000001e864441800 ConcurrentGCThread "G1 Refine#0" [stack: 0x00000065c2100000,0x00000065c2200000] [id=11788]
  0x000001e865154000 ConcurrentGCThread "G1 Refine#1" [stack: 0x00000065c3400000,0x00000065c3500000] [id=13676]
  0x000001e865811000 ConcurrentGCThread "G1 Refine#2" [stack: 0x00000065c3500000,0x00000065c3600000] [id=11520]
  0x000001e84899e800 ConcurrentGCThread "G1 Young RemSet Sampling" [stack: 0x00000065c2200000,0x00000065c2300000] [id=14332]

Threads with active compile tasks:

VM state:at safepoint (normal execution)

VM Mutex/Monitor currently owned by a thread:  ([mutex/lock_event])
[0x000001e8488d7350] Threads_lock - owner thread: 0x000001e864618800
[0x000001e8488d7500] Heap_lock - owner thread: 0x000001e868e03800

Heap address: 0x0000000080000000, size: 2048 MB, Compressed Oops mode: 32-bit
Narrow klass base: 0x0000000000000000, Narrow klass shift: 3
Compressed class space size: 1073741824 Address: 0x0000000100000000

Heap:
 garbage-first heap   total 82944K, used 25865K [0x0000000080000000, 0x0000000100000000)
  region size 1024K, 4 young (4096K), 3 survivors (3072K)
 Metaspace       used 57768K, capacity 59561K, committed 59676K, reserved 1101824K
  class space    used 7554K, capacity 8229K, committed 8320K, reserved 1048576K
Heap Regions: E=young(eden), S=young(survivor), O=old, HS=humongous(starts), HC=humongous(continues), CS=collection set, F=free, OA=open archive, CA=closed archive, TAMS=top-at-mark-start (previous, next)
|   0|0x0000000080000000, 0x0000000080100000, 0x0000000080100000|100%|HS|  |TAMS 0x0000000080100000, 0x0000000080000000| Complete 
|   1|0x0000000080100000, 0x0000000080200000, 0x0000000080200000|100%| O|  |TAMS 0x0000000080200000, 0x0000000080100000| Untracked 
|   2|0x0000000080200000, 0x0000000080300000, 0x0000000080300000|100%| O|  |TAMS 0x0000000080300000, 0x0000000080200000| Untracked 
|   3|0x0000000080300000, 0x0000000080400000, 0x0000000080400000|100%| O|  |TAMS 0x0000000080400000, 0x0000000080300000| Untracked 
|   4|0x0000000080400000, 0x0000000080500000, 0x0000000080500000|100%| O|  |TAMS 0x0000000080500000, 0x0000000080400000| Untracked 
|   5|0x0000000080500000, 0x0000000080600000, 0x0000000080600000|100%| O|  |TAMS 0x0000000080600000, 0x0000000080500000| Untracked 
|   6|0x0000000080600000, 0x00000000806c5c00, 0x0000000080700000| 77%| O|  |TAMS 0x00000000806c5c00, 0x0000000080600000| Untracked 
|   7|0x0000000080700000, 0x0000000080800000, 0x0000000080800000|100%| O|  |TAMS 0x0000000080800000, 0x0000000080700000| Untracked 
|   8|0x0000000080800000, 0x0000000080900000, 0x0000000080900000|100%| O|  |TAMS 0x0000000080900000, 0x0000000080800000| Untracked 
|   9|0x0000000080900000, 0x0000000080a00000, 0x0000000080a00000|100%| O|  |TAMS 0x0000000080a00000, 0x0000000080900000| Untracked 
|  10|0x0000000080a00000, 0x0000000080b00000, 0x0000000080b00000|100%| O|  |TAMS 0x0000000080b00000, 0x0000000080a00000| Untracked 
|  11|0x0000000080b00000, 0x0000000080c00000, 0x0000000080c00000|100%| O|  |TAMS 0x0000000080c00000, 0x0000000080b00000| Untracked 
|  12|0x0000000080c00000, 0x0000000080d00000, 0x0000000080d00000|100%| O|  |TAMS 0x0000000080d00000, 0x0000000080c00000| Untracked 
|  13|0x0000000080d00000, 0x0000000080dffff8, 0x0000000080e00000| 99%| O|  |TAMS 0x0000000080dffff8, 0x0000000080d00000| Untracked 
|  14|0x0000000080e00000, 0x0000000080edd200, 0x0000000080f00000| 86%| O|  |TAMS 0x0000000080edd200, 0x0000000080e00000| Untracked 
|  15|0x0000000080f00000, 0x0000000081000000, 0x0000000081000000|100%| O|  |TAMS 0x0000000081000000, 0x0000000080f00000| Untracked 
|  16|0x0000000081000000, 0x0000000081100000, 0x0000000081100000|100%| O|  |TAMS 0x0000000081100000, 0x0000000081000000| Untracked 
|  17|0x0000000081100000, 0x0000000081200000, 0x0000000081200000|100%| O|  |TAMS 0x0000000081200000, 0x0000000081100000| Untracked 
|  18|0x0000000081200000, 0x0000000081300000, 0x0000000081300000|100%| O|  |TAMS 0x0000000081300000, 0x0000000081200000| Untracked 
|  19|0x0000000081300000, 0x0000000081400000, 0x0000000081400000|100%| O|  |TAMS 0x0000000081400000, 0x0000000081300000| Untracked 
|  20|0x0000000081400000, 0x0000000081500000, 0x0000000081500000|100%| O|  |TAMS 0x0000000081491000, 0x0000000081400000| Untracked 
|  21|0x0000000081500000, 0x0000000081600000, 0x0000000081600000|100%| O|  |TAMS 0x0000000081500000, 0x0000000081500000| Untracked 
|  22|0x0000000081600000, 0x00000000816fc200, 0x0000000081700000| 98%| O|  |TAMS 0x0000000081600000, 0x0000000081600000| Untracked 
|  23|0x0000000081700000, 0x0000000081700000, 0x0000000081800000|  0%| F|  |TAMS 0x0000000081700000, 0x0000000081700000| Untracked 
|  24|0x0000000081800000, 0x0000000081800000, 0x0000000081900000|  0%| F|  |TAMS 0x0000000081800000, 0x0000000081800000| Untracked 
|  25|0x0000000081900000, 0x0000000081900000, 0x0000000081a00000|  0%| F|  |TAMS 0x0000000081900000, 0x0000000081900000| Untracked 
|  26|0x0000000081a00000, 0x0000000081a00000, 0x0000000081b00000|  0%| F|  |TAMS 0x0000000081a00000, 0x0000000081a00000| Untracked 
|  27|0x0000000081b00000, 0x0000000081b00000, 0x0000000081c00000|  0%| F|  |TAMS 0x0000000081b00000, 0x0000000081b00000| Untracked 
|  28|0x0000000081c00000, 0x0000000081c00000, 0x0000000081d00000|  0%| F|  |TAMS 0x0000000081c00000, 0x0000000081c00000| Untracked 
|  29|0x0000000081d00000, 0x0000000081d00000, 0x0000000081e00000|  0%| F|  |TAMS 0x0000000081d00000, 0x0000000081d00000| Untracked 
|  30|0x0000000081e00000, 0x0000000081e00000, 0x0000000081f00000|  0%| F|  |TAMS 0x0000000081e00000, 0x0000000081e00000| Untracked 
|  31|0x0000000081f00000, 0x0000000081f00000, 0x0000000082000000|  0%| F|  |TAMS 0x0000000081f00000, 0x0000000081f00000| Untracked 
|  32|0x0000000082000000, 0x0000000082000000, 0x0000000082100000|  0%| F|  |TAMS 0x0000000082000000, 0x0000000082000000| Untracked 
|  33|0x0000000082100000, 0x0000000082100000, 0x0000000082200000|  0%| F|  |TAMS 0x0000000082100000, 0x0000000082100000| Untracked 
|  34|0x0000000082200000, 0x0000000082200000, 0x0000000082300000|  0%| F|  |TAMS 0x0000000082200000, 0x0000000082200000| Untracked 
|  35|0x0000000082300000, 0x0000000082300000, 0x0000000082400000|  0%| F|  |TAMS 0x0000000082300000, 0x0000000082300000| Untracked 
|  36|0x0000000082400000, 0x0000000082400000, 0x0000000082500000|  0%| F|  |TAMS 0x0000000082400000, 0x0000000082400000| Untracked 
|  37|0x0000000082500000, 0x0000000082500000, 0x0000000082600000|  0%| F|  |TAMS 0x0000000082500000, 0x0000000082500000| Untracked 
|  38|0x0000000082600000, 0x0000000082600000, 0x0000000082700000|  0%| F|  |TAMS 0x0000000082600000, 0x0000000082600000| Untracked 
|  39|0x0000000082700000, 0x0000000082700000, 0x0000000082800000|  0%| F|  |TAMS 0x0000000082700000, 0x0000000082700000| Untracked 
|  40|0x0000000082800000, 0x0000000082800000, 0x0000000082900000|  0%| F|  |TAMS 0x0000000082800000, 0x0000000082800000| Untracked 
|  41|0x0000000082900000, 0x0000000082900000, 0x0000000082a00000|  0%| F|  |TAMS 0x0000000082900000, 0x0000000082900000| Untracked 
|  42|0x0000000082a00000, 0x0000000082a00000, 0x0000000082b00000|  0%| F|  |TAMS 0x0000000082a00000, 0x0000000082a00000| Untracked 
|  43|0x0000000082b00000, 0x0000000082b00000, 0x0000000082c00000|  0%| F|  |TAMS 0x0000000082b00000, 0x0000000082b00000| Untracked 
|  44|0x0000000082c00000, 0x0000000082c00000, 0x0000000082d00000|  0%| F|  |TAMS 0x0000000082c00000, 0x0000000082c00000| Untracked 
|  45|0x0000000082d00000, 0x0000000082d00000, 0x0000000082e00000|  0%| F|  |TAMS 0x0000000082d00000, 0x0000000082d00000| Untracked 
|  46|0x0000000082e00000, 0x0000000082e00000, 0x0000000082f00000|  0%| F|  |TAMS 0x0000000082e00000, 0x0000000082e00000| Untracked 
|  47|0x0000000082f00000, 0x0000000082f00000, 0x0000000083000000|  0%| F|  |TAMS 0x0000000082f00000, 0x0000000082f00000| Untracked 
|  48|0x0000000083000000, 0x0000000083000000, 0x0000000083100000|  0%| F|  |TAMS 0x0000000083000000, 0x0000000083000000| Untracked 
|  49|0x0000000083100000, 0x0000000083100000, 0x0000000083200000|  0%| F|  |TAMS 0x0000000083100000, 0x0000000083100000| Untracked 
|  50|0x0000000083200000, 0x0000000083200000, 0x0000000083300000|  0%| F|  |TAMS 0x0000000083200000, 0x0000000083200000| Untracked 
|  51|0x0000000083300000, 0x0000000083300000, 0x0000000083400000|  0%| F|  |TAMS 0x0000000083300000, 0x0000000083300000| Untracked 
|  52|0x0000000083400000, 0x0000000083400000, 0x0000000083500000|  0%| F|  |TAMS 0x0000000083400000, 0x0000000083400000| Untracked 
|  53|0x0000000083500000, 0x0000000083500000, 0x0000000083600000|  0%| F|  |TAMS 0x0000000083500000, 0x0000000083500000| Untracked 
|  54|0x0000000083600000, 0x0000000083600000, 0x0000000083700000|  0%| F|  |TAMS 0x0000000083600000, 0x0000000083600000| Untracked 
|  55|0x0000000083700000, 0x0000000083700000, 0x0000000083800000|  0%| F|  |TAMS 0x0000000083700000, 0x0000000083700000| Untracked 
|  56|0x0000000083800000, 0x0000000083800000, 0x0000000083900000|  0%| F|  |TAMS 0x0000000083800000, 0x0000000083800000| Untracked 
|  57|0x0000000083900000, 0x0000000083900000, 0x0000000083a00000|  0%| F|  |TAMS 0x0000000083900000, 0x0000000083900000| Untracked 
|  58|0x0000000083a00000, 0x0000000083a00000, 0x0000000083b00000|  0%| F|  |TAMS 0x0000000083a00000, 0x0000000083a00000| Untracked 
|  59|0x0000000083b00000, 0x0000000083b00000, 0x0000000083c00000|  0%| F|  |TAMS 0x0000000083b00000, 0x0000000083b00000| Untracked 
|  60|0x0000000083c00000, 0x0000000083c00000, 0x0000000083d00000|  0%| F|  |TAMS 0x0000000083c00000, 0x0000000083c00000| Untracked 
|  61|0x0000000083d00000, 0x0000000083d00000, 0x0000000083e00000|  0%| F|  |TAMS 0x0000000083d00000, 0x0000000083d00000| Untracked 
|  62|0x0000000083e00000, 0x0000000083e00000, 0x0000000083f00000|  0%| F|  |TAMS 0x0000000083e00000, 0x0000000083e00000| Untracked 
|  63|0x0000000083f00000, 0x0000000083f00000, 0x0000000084000000|  0%| F|  |TAMS 0x0000000083f00000, 0x0000000083f00000| Untracked 
|  64|0x0000000084000000, 0x0000000084000000, 0x0000000084100000|  0%| F|  |TAMS 0x0000000084000000, 0x0000000084000000| Untracked 
|  65|0x0000000084100000, 0x00000000841a34a0, 0x0000000084200000| 63%| S|CS|TAMS 0x0000000084100000, 0x0000000084100000| Complete 
|  66|0x0000000084200000, 0x0000000084300000, 0x0000000084300000|100%| S|CS|TAMS 0x0000000084200000, 0x0000000084200000| Complete 
|  67|0x0000000084300000, 0x0000000084400000, 0x0000000084400000|100%| S|CS|TAMS 0x0000000084300000, 0x0000000084300000| Complete 
|  68|0x0000000084400000, 0x0000000084400000, 0x0000000084500000|  0%| F|  |TAMS 0x0000000084400000, 0x0000000084400000| Untracked 
|  69|0x0000000084500000, 0x0000000084500000, 0x0000000084600000|  0%| F|  |TAMS 0x0000000084500000, 0x0000000084500000| Untracked 
|  70|0x0000000084600000, 0x0000000084600000, 0x0000000084700000|  0%| F|  |TAMS 0x0000000084600000, 0x0000000084600000| Untracked 
|  71|0x0000000084700000, 0x0000000084700000, 0x0000000084800000|  0%| F|  |TAMS 0x0000000084700000, 0x0000000084700000| Untracked 
|  72|0x0000000084800000, 0x0000000084800000, 0x0000000084900000|  0%| F|  |TAMS 0x0000000084800000, 0x0000000084800000| Untracked 
|  73|0x0000000084900000, 0x0000000084900000, 0x0000000084a00000|  0%| F|  |TAMS 0x0000000084900000, 0x0000000084900000| Untracked 
|  74|0x0000000084a00000, 0x0000000084a00000, 0x0000000084b00000|  0%| F|  |TAMS 0x0000000084a00000, 0x0000000084a00000| Untracked 
|  75|0x0000000084b00000, 0x0000000084b00000, 0x0000000084c00000|  0%| F|  |TAMS 0x0000000084b00000, 0x0000000084b00000| Untracked 
|  76|0x0000000084c00000, 0x0000000084c00000, 0x0000000084d00000|  0%| F|  |TAMS 0x0000000084c00000, 0x0000000084c00000| Untracked 
|  77|0x0000000084d00000, 0x0000000084d00000, 0x0000000084e00000|  0%| F|  |TAMS 0x0000000084d00000, 0x0000000084d00000| Untracked 
|  78|0x0000000084e00000, 0x0000000084e00000, 0x0000000084f00000|  0%| F|  |TAMS 0x0000000084e00000, 0x0000000084e00000| Untracked 
|  79|0x0000000084f00000, 0x0000000084f00000, 0x0000000085000000|  0%| F|  |TAMS 0x0000000084f00000, 0x0000000084f00000| Untracked 
| 127|0x0000000087f00000, 0x0000000087fba070, 0x0000000088000000| 72%| E|  |TAMS 0x0000000087f00000, 0x0000000087f00000| Complete 

Card table byte_map: [0x000001e85d790000,0x000001e85db90000] _byte_map_base: 0x000001e85d390000

Marking Bits (Prev, Next): (CMBitMap*) 0x000001e848920fb8, (CMBitMap*) 0x000001e848920ff8
 Prev Bits: [0x000001e85df90000, 0x000001e85ff90000)
 Next Bits: [0x000001e85ff90000, 0x000001e861f90000)

Polling page: 0x000001e848750000

Metaspace:

Usage:
  Non-class:     50.13 MB capacity,    49.04 MB ( 98%) used,   909.96 KB (  2%) free+waste,   207.50 KB ( <1%) overhead. 
      Class:      8.04 MB capacity,     7.38 MB ( 92%) used,   573.22 KB (  7%) free+waste,   101.75 KB (  1%) overhead. 
       Both:     58.17 MB capacity,    56.41 MB ( 97%) used,     1.45 MB (  2%) free+waste,   309.25 KB ( <1%) overhead. 

Virtual space:
  Non-class space:       52.00 MB reserved,      50.15 MB ( 96%) committed 
      Class space:        1.00 GB reserved,       8.13 MB ( <1%) committed 
             Both:        1.05 GB reserved,      58.28 MB (  5%) committed 

Chunk freelists:
   Non-Class:  24.00 KB
       Class:  0 bytes
        Both:  24.00 KB

MaxMetaspaceSize: 17179869184.00 GB
CompressedClassSpaceSize: 1.00 GB

CodeHeap 'non-profiled nmethods': size=238912Kb used=7963Kb max_used=7963Kb free=230948Kb
 bounds [0x000001e84e410000, 0x000001e84ebe0000, 0x000001e85cd60000]
CodeHeap 'non-nmethods': size=6848Kb used=1291Kb max_used=1291Kb free=5556Kb
 bounds [0x000001e84dd60000, 0x000001e84dfd0000, 0x000001e84e410000]
 total_blobs=5718 nmethods=5131 adapters=515
 compilation: enabled
              stopped_count=0, restarted_count=0
 full_count=0

Compilation events (20 events):
Event: 355.600 Thread 0x000001e864e50000 5122       1       org.springframework.beans.factory.support.DefaultListableBeanFactory$$Lambda$313/0x000000010028b040::get$Lambda (9 bytes)
Event: 355.600 Thread 0x000001e864e50000 nmethod 5122 0x000001e84ebd4290 code [0x000001e84ebd4420, 0x000001e84ebd4558]
Event: 355.600 Thread 0x000001e864e50000 5123       1       org.springframework.beans.factory.support.DefaultListableBeanFactory$$Lambda$313/0x000000010028b040::<init> (10 bytes)
Event: 355.600 Thread 0x000001e864e50000 nmethod 5123 0x000001e84ebd4610 code [0x000001e84ebd47a0, 0x000001e84ebd4898]
Event: 355.602 Thread 0x000001e864e50000 5124       1       java.lang.ThreadLocal::setInitialValue (50 bytes)
Event: 355.604 Thread 0x000001e864e50000 nmethod 5124 0x000001e84ebd4910 code [0x000001e84ebd4b00, 0x000001e84ebd4db8]
Event: 356.099 Thread 0x000001e864e50000 5125       1       org.hibernate.service.spi.ServiceBinding::getLifecycleOwner (5 bytes)
Event: 356.100 Thread 0x000001e864e50000 nmethod 5125 0x000001e84ebd4f90 code [0x000001e84ebd5120, 0x000001e84ebd51d8]
Event: 356.117 Thread 0x000001e864e50000 5126       1       java.text.DontCareFieldPosition$1::formatted (1 bytes)
Event: 356.118 Thread 0x000001e864e50000 nmethod 5126 0x000001e84ebd5290 code [0x000001e84ebd5420, 0x000001e84ebd54d8]
Event: 356.175 Thread 0x000001e864e50000 5128       1       java.util.regex.Matcher::end (22 bytes)
Event: 356.175 Thread 0x000001e864e50000 nmethod 5128 0x000001e84ebd5890 code [0x000001e84ebd5a40, 0x000001e84ebd5ba8]
Event: 356.181 Thread 0x000001e864e50000 5129       1       com.mysql.cj.protocol.a.PacketSplitter::getPacketLen (5 bytes)
Event: 356.181 Thread 0x000001e864e50000 nmethod 5129 0x000001e84ebd5c90 code [0x000001e84ebd5e20, 0x000001e84ebd5ed8]
Event: 356.186 Thread 0x000001e864e50000 5130       1       java.nio.Buffer::nextPutIndex (30 bytes)
Event: 356.186 Thread 0x000001e864e50000 nmethod 5130 0x000001e84ebd5f90 code [0x000001e84ebd6140, 0x000001e84ebd6268]
Event: 356.188 Thread 0x000001e864e50000 5131  s    1       java.io.BufferedOutputStream::write (35 bytes)
Event: 356.189 Thread 0x000001e864e50000 nmethod 5131 0x000001e84ebd6310 code [0x000001e84ebd64c0, 0x000001e84ebd6788]
Event: 356.191 Thread 0x000001e864e50000 5132   !   1       java.net.Socket::isClosed (19 bytes)
Event: 356.191 Thread 0x000001e864e50000 nmethod 5132 0x000001e84ebd6910 code [0x000001e84ebd6aa0, 0x000001e84ebd6cf8]

GC Heap History (20 events):
Event: 6.538 GC heap before
{Heap before GC invocations=13 (full 0):
 garbage-first heap   total 61440K, used 46540K [0x0000000080000000, 0x0000000100000000)
  region size 1024K, 34 young (34816K), 3 survivors (3072K)
 Metaspace       used 33633K, capacity 34776K, committed 34992K, reserved 1079296K
  class space    used 4170K, capacity 4571K, committed 4608K, reserved 1048576K
}
Event: 6.544 GC heap after
{Heap after GC invocations=14 (full 0):
 garbage-first heap   total 61440K, used 15930K [0x0000000080000000, 0x0000000100000000)
  region size 1024K, 3 young (3072K), 3 survivors (3072K)
 Metaspace       used 33633K, capacity 34776K, committed 34992K, reserved 1079296K
  class space    used 4170K, capacity 4571K, committed 4608K, reserved 1048576K
}
Event: 6.560 GC heap before
{Heap before GC invocations=14 (full 0):
 garbage-first heap   total 61440K, used 47674K [0x0000000080000000, 0x0000000100000000)
  region size 1024K, 35 young (35840K), 3 survivors (3072K)
 Metaspace       used 33633K, capacity 34776K, committed 34992K, reserved 1079296K
  class space    used 4170K, capacity 4571K, committed 4608K, reserved 1048576K
}
Event: 6.566 GC heap after
{Heap after GC invocations=15 (full 0):
 garbage-first heap   total 61440K, used 15921K [0x0000000080000000, 0x0000000100000000)
  region size 1024K, 3 young (3072K), 3 survivors (3072K)
 Metaspace       used 33633K, capacity 34776K, committed 34992K, reserved 1079296K
  class space    used 4170K, capacity 4571K, committed 4608K, reserved 1048576K
}
Event: 6.895 GC heap before
{Heap before GC invocations=15 (full 0):
 garbage-first heap   total 61440K, used 42545K [0x0000000080000000, 0x0000000100000000)
  region size 1024K, 30 young (30720K), 3 survivors (3072K)
 Metaspace       used 34768K, capacity 35843K, committed 35888K, reserved 1081344K
  class space    used 4306K, capacity 4710K, committed 4736K, reserved 1048576K
}
Event: 6.903 GC heap after
{Heap after GC invocations=16 (full 0):
 garbage-first heap   total 61440K, used 16011K [0x0000000080000000, 0x0000000100000000)
  region size 1024K, 1 young (1024K), 1 survivors (1024K)
 Metaspace       used 34768K, capacity 35843K, committed 35888K, reserved 1081344K
  class space    used 4306K, capacity 4710K, committed 4736K, reserved 1048576K
}
Event: 7.981 GC heap before
{Heap before GC invocations=17 (full 0):
 garbage-first heap   total 58368K, used 50827K [0x0000000080000000, 0x0000000100000000)
  region size 1024K, 35 young (35840K), 1 survivors (1024K)
 Metaspace       used 38629K, capacity 39917K, committed 40092K, reserved 1083392K
  class space    used 4824K, capacity 5312K, committed 5376K, reserved 1048576K
}
Event: 7.990 GC heap after
{Heap after GC invocations=18 (full 0):
 garbage-first heap   total 70656K, used 17346K [0x0000000080000000, 0x0000000100000000)
  region size 1024K, 3 young (3072K), 3 survivors (3072K)
 Metaspace       used 38629K, capacity 39917K, committed 40092K, reserved 1083392K
  class space    used 4824K, capacity 5312K, committed 5376K, reserved 1048576K
}
Event: 8.952 GC heap before
{Heap before GC invocations=19 (full 0):
 garbage-first heap   total 68608K, used 54210K [0x0000000080000000, 0x0000000100000000)
  region size 1024K, 40 young (40960K), 3 survivors (3072K)
 Metaspace       used 43946K, capacity 45253K, committed 45468K, reserved 1089536K
  class space    used 5598K, capacity 6086K, committed 6144K, reserved 1048576K
}
Event: 8.962 GC heap after
{Heap after GC invocations=20 (full 0):
 garbage-first heap   total 68608K, used 19934K [0x0000000080000000, 0x0000000100000000)
  region size 1024K, 5 young (5120K), 5 survivors (5120K)
 Metaspace       used 43946K, capacity 45253K, committed 45468K, reserved 1089536K
  class space    used 5598K, capacity 6086K, committed 6144K, reserved 1048576K
}
Event: 9.830 GC heap before
{Heap before GC invocations=20 (full 0):
 garbage-first heap   total 68608K, used 54750K [0x0000000080000000, 0x0000000100000000)
  region size 1024K, 39 young (39936K), 5 survivors (5120K)
 Metaspace       used 48752K, capacity 50088K, committed 50204K, reserved 1093632K
  class space    used 6287K, capacity 6779K, committed 6784K, reserved 1048576K
}
Event: 9.847 GC heap after
{Heap after GC invocations=21 (full 0):
 garbage-first heap   total 68608K, used 21108K [0x0000000080000000, 0x0000000100000000)
  region size 1024K, 2 young (2048K), 2 survivors (2048K)
 Metaspace       used 48752K, capacity 50088K, committed 50204K, reserved 1093632K
  class space    used 6287K, capacity 6779K, committed 6784K, reserved 1048576K
}
Event: 10.821 GC heap before
{Heap before GC invocations=21 (full 0):
 garbage-first heap   total 68608K, used 54900K [0x0000000080000000, 0x0000000100000000)
  region size 1024K, 35 young (35840K), 2 survivors (2048K)
 Metaspace       used 52524K, capacity 53993K, committed 54044K, reserved 1095680K
  class space    used 6776K, capacity 7292K, committed 7296K, reserved 1048576K
}
Event: 10.830 GC heap after
{Heap after GC invocations=22 (full 0):
 garbage-first heap   total 68608K, used 22142K [0x0000000080000000, 0x0000000100000000)
  region size 1024K, 3 young (3072K), 3 survivors (3072K)
 Metaspace       used 52524K, capacity 53993K, committed 54044K, reserved 1095680K
  class space    used 6776K, capacity 7292K, committed 7296K, reserved 1048576K
}
Event: 11.627 GC heap before
{Heap before GC invocations=22 (full 0):
 garbage-first heap   total 68608K, used 54910K [0x0000000080000000, 0x0000000100000000)
  region size 1024K, 35 young (35840K), 3 survivors (3072K)
 Metaspace       used 54629K, capacity 56298K, committed 56604K, reserved 1097728K
  class space    used 7111K, capacity 7742K, committed 7808K, reserved 1048576K
}
Event: 11.637 GC heap after
{Heap after GC invocations=23 (full 0):
 garbage-first heap   total 82944K, used 23487K [0x0000000080000000, 0x0000000100000000)
  region size 1024K, 4 young (4096K), 4 survivors (4096K)
 Metaspace       used 54629K, capacity 56298K, committed 56604K, reserved 1097728K
  class space    used 7111K, capacity 7742K, committed 7808K, reserved 1048576K
}
Event: 68.846 GC heap before
{Heap before GC invocations=23 (full 0):
 garbage-first heap   total 82944K, used 66495K [0x0000000080000000, 0x0000000100000000)
  region size 1024K, 46 young (47104K), 4 survivors (4096K)
 Metaspace       used 57646K, capacity 59400K, committed 59548K, reserved 1101824K
  class space    used 7525K, capacity 8174K, committed 8192K, reserved 1048576K
}
Event: 69.178 GC heap after
{Heap after GC invocations=24 (full 0):
 garbage-first heap   total 82944K, used 25684K [0x0000000080000000, 0x0000000100000000)
  region size 1024K, 5 young (5120K), 5 survivors (5120K)
 Metaspace       used 57646K, capacity 59400K, committed 59548K, reserved 1101824K
  class space    used 7525K, capacity 8174K, committed 8192K, reserved 1048576K
}
Event: 355.640 GC heap before
{Heap before GC invocations=24 (full 0):
 garbage-first heap   total 82944K, used 37972K [0x0000000080000000, 0x0000000100000000)
  region size 1024K, 18 young (18432K), 5 survivors (5120K)
 Metaspace       used 57722K, capacity 59493K, committed 59548K, reserved 1101824K
  class space    used 7538K, capacity 8184K, committed 8192K, reserved 1048576K
}
Event: 355.682 GC heap after
{Heap after GC invocations=25 (full 0):
 garbage-first heap   total 82944K, used 25865K [0x0000000080000000, 0x0000000100000000)
  region size 1024K, 3 young (3072K), 3 survivors (3072K)
 Metaspace       used 57722K, capacity 59493K, committed 59548K, reserved 1101824K
  class space    used 7538K, capacity 8184K, committed 8192K, reserved 1048576K
}

Deoptimization events (6 events):
Event: 5.033 Thread 0x000001e8656d7800 DEOPT PACKING pc=0x000001e84e7330d4 sp=0x00000065c3bfcfd0
Event: 5.033 Thread 0x000001e8656d7800 DEOPT UNPACKING pc=0x000001e84dda993f sp=0x00000065c3bfc548 mode 0
Event: 12.257 Thread 0x000001e8656d7800 DEOPT PACKING pc=0x000001e84e720983 sp=0x00000065c3bfd760
Event: 12.257 Thread 0x000001e8656d7800 DEOPT UNPACKING pc=0x000001e84dda993f sp=0x00000065c3bfcc68 mode 3
Event: 12.258 Thread 0x000001e8656d7800 DEOPT PACKING pc=0x000001e84e71cf56 sp=0x00000065c3bfd720
Event: 12.258 Thread 0x000001e8656d7800 DEOPT UNPACKING pc=0x000001e84dda993f sp=0x00000065c3bfcc68 mode 3

Classes unloaded (0 events):
No events

Classes redefined (0 events):
No events

Internal exceptions (20 events):
Event: 11.647 Thread 0x000001e8656d7800 Exception <a 'java/lang/ClassNotFoundException'{0x0000000087f8fe28}: org/springframework/web/servlet/config/annotation/WebMvcConfigurationSupportCustomizer> (0x0000000087f8fe28) 
thrown [./open/src/hotspot/share/classfile/systemDictionary.cpp, line 226]
Event: 11.648 Thread 0x000001e8656d7800 Exception <a 'java/lang/ClassNotFoundException'{0x0000000087fbbe08}: org/springframework/web/servlet/config/annotation/DelegatingWebMvcConfigurationCustomizer> (0x0000000087fbbe08) 
thrown [./open/src/hotspot/share/classfile/systemDictionary.cpp, line 226]
Event: 11.650 Thread 0x000001e8656d7800 Exception <a 'java/lang/ClassNotFoundException'{0x0000000087fe0e28}: org/springframework/boot/autoconfigure/web/servlet/WebMvcAutoConfiguration$EnableWebMvcConfigurationCustomizer> (0x0000000087fe0e28) 
thrown [./open/src/hotspot/share/classfile/systemDictionary.cpp, line 226]
Event: 11.653 Thread 0x000001e8656d7800 Exception <a 'java/lang/ClassNotFoundException'{0x0000000084f07e48}: org/springframework/context/ResourceLoaderAwareCustomizer> (0x0000000084f07e48) 
thrown [./open/src/hotspot/share/classfile/systemDictionary.cpp, line 226]
Event: 11.654 Thread 0x000001e8656d7800 Exception <a 'java/lang/ClassNotFoundException'{0x0000000084f1e688}: org/springframework/beans/factory/AwareCustomizer> (0x0000000084f1e688) 
thrown [./open/src/hotspot/share/classfile/systemDictionary.cpp, line 226]
Event: 11.655 Thread 0x000001e8656d7800 Exception <a 'java/lang/ClassNotFoundException'{0x0000000084f36498}: org/springframework/context/ApplicationContextAwareCustomizer> (0x0000000084f36498) 
thrown [./open/src/hotspot/share/classfile/systemDictionary.cpp, line 226]
Event: 11.656 Thread 0x000001e8656d7800 Exception <a 'java/lang/ClassNotFoundException'{0x0000000084f4d8b8}: org/springframework/beans/factory/AwareCustomizer> (0x0000000084f4d8b8) 
thrown [./open/src/hotspot/share/classfile/systemDictionary.cpp, line 226]
Event: 11.657 Thread 0x000001e8656d7800 Exception <a 'java/lang/ClassNotFoundException'{0x0000000084f656a0}: org/springframework/web/context/ServletContextAwareCustomizer> (0x0000000084f656a0) 
thrown [./open/src/hotspot/share/classfile/systemDictionary.cpp, line 226]
Event: 11.658 Thread 0x000001e8656d7800 Exception <a 'java/lang/ClassNotFoundException'{0x0000000084f7c348}: org/springframework/beans/factory/AwareCustomizer> (0x0000000084f7c348) 
thrown [./open/src/hotspot/share/classfile/systemDictionary.cpp, line 226]
Event: 12.003 Thread 0x000001e8656d7800 Exception <a 'java/lang/NoSuchMethodError'{0x0000000084426a78}: 'void java.lang.invoke.DirectMethodHandle$Holder.invokeVirtual(java.lang.Object, java.lang.Object, int)'> (0x0000000084426a78) 
thrown [./open/src/hotspot/share/interpreter/linkResolver.cpp, line 766]
Event: 12.008 Thread 0x000001e8656d7800 Exception <a 'java/lang/NoSuchMethodError'{0x000000008443f590}: 'void java.lang.invoke.DirectMethodHandle$Holder.invokeVirtual(java.lang.Object, java.lang.Object, long)'> (0x000000008443f590) 
thrown [./open/src/hotspot/share/interpreter/linkResolver.cpp, line 766]
Event: 12.278 Thread 0x000001e8656d7800 Exception <a 'java/lang/IncompatibleClassChangeError'{0x0000000083a30378}: Found class java.lang.Object, but interface was expected> (0x0000000083a30378) 
thrown [./open/src/hotspot/share/interpreter/linkResolver.cpp, line 832]
Event: 12.354 Thread 0x000001e8656d7800 Exception <a 'java/lang/NoSuchMethodError'{0x0000000083897220}: 'int java.lang.invoke.DirectMethodHandle$Holder.invokeStaticInit(java.lang.Object, java.lang.Object, java.lang.Object, java.lang.Object)'> (0x0000000083897220) 
thrown [./open/src/hotspot/share/interpreter/linkResolver.cpp, line 766]
Event: 12.588 Thread 0x000001e8656d7800 Exception <a 'java/net/BindException'{0x0000000083049ed8}: Address already in use: bind> (0x0000000083049ed8) 
thrown [./open/src/hotspot/share/prims/jni.cpp, line 620]
Event: 12.588 Thread 0x000001e8656d7800 Exception <a 'java/net/SocketException'{0x000000008304a5c0}: Socket is not connected: shutdown> (0x000000008304a5c0) 
thrown [./open/src/hotspot/share/prims/jni.cpp, line 620]
Event: 12.633 Thread 0x000001e8656d7800 Exception <a 'java/lang/NoSuchMethodError'{0x0000000082f59898}: 'java.lang.Object java.lang.invoke.DirectMethodHandle$Holder.invokeSpecial(java.lang.Object, java.lang.Object, int, java.lang.Object, int, java.lang.Object)'> (0x0000000082f59898) 
thrown [./open/src/hotspot/share/interpreter/linkResolver.cpp, line 766]
Event: 12.634 Thread 0x000001e8656d7800 Exception <a 'java/lang/NoSuchMethodError'{0x0000000082f606c8}: 'java.lang.Object java.lang.invoke.DirectMethodHandle$Holder.invokeStatic(java.lang.Object, java.lang.Object, int, java.lang.Object, int)'> (0x0000000082f606c8) 
thrown [./open/src/hotspot/share/interpreter/linkResolver.cpp, line 766]
Event: 12.634 Thread 0x000001e8656d7800 Exception <a 'java/lang/NoSuchMethodError'{0x0000000082f63a78}: 'java.lang.Object java.lang.invoke.DirectMethodHandle$Holder.invokeSpecial(java.lang.Object, java.lang.Object, java.lang.Object, int, java.lang.Object, int)'> (0x0000000082f63a78) 
thrown [./open/src/hotspot/share/interpreter/linkResolver.cpp, line 766]
Event: 12.636 Thread 0x000001e8656d7800 Exception <a 'java/lang/NoSuchMethodError'{0x0000000082f74360}: 'void java.lang.invoke.DirectMethodHandle$Holder.invokeVirtual(java.lang.Object, java.lang.Object)'> (0x0000000082f74360) 
thrown [./open/src/hotspot/share/interpreter/linkResolver.cpp, line 766]
Event: 355.567 Thread 0x000001e8656d8000 Exception <a 'java/lang/InterruptedException'{0x000000008442e0e0}: sleep interrupted> (0x000000008442e0e0) 
thrown [./open/src/hotspot/share/prims/jvm.cpp, line 3074]

Events (20 events):
Event: 356.189 Executing VM operation: HandshakeOneThread
Event: 356.189 Executing VM operation: HandshakeOneThread done
Event: 356.190 Executing VM operation: HandshakeOneThread
Event: 356.190 Executing VM operation: HandshakeOneThread done
Event: 356.190 Executing VM operation: HandshakeOneThread
Event: 356.190 Executing VM operation: HandshakeOneThread done
Event: 356.191 Executing VM operation: HandshakeOneThread
Event: 356.191 Executing VM operation: HandshakeOneThread done
Event: 356.191 Executing VM operation: HandshakeOneThread
Event: 356.191 Executing VM operation: HandshakeOneThread done
Event: 356.191 Executing VM operation: HandshakeOneThread
Event: 356.191 Executing VM operation: HandshakeOneThread done
Event: 356.191 Executing VM operation: HandshakeOneThread
Event: 356.191 Executing VM operation: HandshakeOneThread done
Event: 356.192 Executing VM operation: HandshakeOneThread
Event: 356.192 Executing VM operation: HandshakeOneThread done
Event: 356.192 Executing VM operation: HandshakeOneThread
Event: 356.192 Executing VM operation: HandshakeOneThread done
Event: 356.192 Thread 0x000001e868e06800 Thread exited: 0x000001e868e06800
Event: 356.198 Executing VM operation: G1CollectFull


Dynamic libraries:
0x00007ff7fdca0000 - 0x00007ff7fdcad000 	C:\Users\natraj\Documents\sts2\Sts-lastProject\sts-4.8.0.RELEASE\plugins\org.eclipse.justj.openjdk.hotspot.jre.full.win32.x86_64_14.0.2.v20200815-0932\jre\bin\javaw.exe
0x00007ffc6afd0000 - 0x00007ffc6b1b1000 	C:\WINDOWS\SYSTEM32\ntdll.dll
0x00007ffc67cd0000 - 0x00007ffc67d82000 	C:\WINDOWS\System32\KERNEL32.DLL
0x00007ffc67430000 - 0x00007ffc676a3000 	C:\WINDOWS\System32\KERNELBASE.dll
0x00007ffc678a0000 - 0x00007ffc6799a000 	C:\WINDOWS\System32\ucrtbase.dll
0x00007ffc38ad0000 - 0x00007ffc38ae8000 	C:\Users\natraj\Documents\sts2\Sts-lastProject\sts-4.8.0.RELEASE\plugins\org.eclipse.justj.openjdk.hotspot.jre.full.win32.x86_64_14.0.2.v20200815-0932\jre\bin\jli.dll
0x00007ffc6ad40000 - 0x00007ffc6aed0000 	C:\WINDOWS\System32\USER32.dll
0x00007ffc66bb0000 - 0x00007ffc66bd0000 	C:\WINDOWS\System32\win32u.dll
0x00007ffc6a160000 - 0x00007ffc6a188000 	C:\WINDOWS\System32\GDI32.dll
0x00007ffc67a50000 - 0x00007ffc67be2000 	C:\WINDOWS\System32\gdi32full.dll
0x00007ffc67340000 - 0x00007ffc673df000 	C:\WINDOWS\System32\msvcp_win.dll
0x00007ffc38360000 - 0x00007ffc38375000 	C:\Users\natraj\Documents\sts2\Sts-lastProject\sts-4.8.0.RELEASE\plugins\org.eclipse.justj.openjdk.hotspot.jre.full.win32.x86_64_14.0.2.v20200815-0932\jre\bin\VCRUNTIME140.dll
0x00007ffc5d200000 - 0x00007ffc5d469000 	C:\WINDOWS\WinSxS\amd64_microsoft.windows.common-controls_6595b64144ccf1df_6.0.17134.112_none_fb3f961b30681c12\COMCTL32.dll
0x00007ffc67da0000 - 0x00007ffc67e3e000 	C:\WINDOWS\System32\msvcrt.dll
0x00007ffc680d0000 - 0x00007ffc683f3000 	C:\WINDOWS\System32\combase.dll
0x00007ffc6ac10000 - 0x00007ffc6ad34000 	C:\WINDOWS\System32\RPCRT4.dll
0x00007ffc67bf0000 - 0x00007ffc67c6a000 	C:\WINDOWS\System32\bcryptPrimitives.dll
0x00007ffc6a4e0000 - 0x00007ffc6a50d000 	C:\WINDOWS\System32\IMM32.DLL
0x00007ffc382c0000 - 0x00007ffc3835b000 	C:\Users\natraj\Documents\sts2\Sts-lastProject\sts-4.8.0.RELEASE\plugins\org.eclipse.justj.openjdk.hotspot.jre.full.win32.x86_64_14.0.2.v20200815-0932\jre\bin\msvcp140.dll
0x00007ffc30b90000 - 0x00007ffc316ae000 	C:\Users\natraj\Documents\sts2\Sts-lastProject\sts-4.8.0.RELEASE\plugins\org.eclipse.justj.openjdk.hotspot.jre.full.win32.x86_64_14.0.2.v20200815-0932\jre\bin\server\jvm.dll
0x00007ffc69ba0000 - 0x00007ffc69c41000 	C:\WINDOWS\System32\ADVAPI32.dll
0x00007ffc69b40000 - 0x00007ffc69b9b000 	C:\WINDOWS\System32\sechost.dll
0x00007ffc67d90000 - 0x00007ffc67d98000 	C:\WINDOWS\System32\PSAPI.DLL
0x00007ffc5a160000 - 0x00007ffc5a169000 	C:\WINDOWS\SYSTEM32\WSOCK32.dll
0x00007ffc69950000 - 0x00007ffc699bc000 	C:\WINDOWS\System32\WS2_32.dll
0x00007ffc63a10000 - 0x00007ffc63a33000 	C:\WINDOWS\SYSTEM32\WINMM.dll
0x00007ffc60fa0000 - 0x00007ffc60faa000 	C:\WINDOWS\SYSTEM32\VERSION.dll
0x00007ffc63990000 - 0x00007ffc639ba000 	C:\WINDOWS\SYSTEM32\WINMMBASE.dll
0x00007ffc673e0000 - 0x00007ffc67429000 	C:\WINDOWS\System32\cfgmgr32.dll
0x00007ffc66b90000 - 0x00007ffc66ba1000 	C:\WINDOWS\System32\kernel.appcore.dll
0x00007ffc3ea10000 - 0x00007ffc3ea1a000 	C:\Users\natraj\Documents\sts2\Sts-lastProject\sts-4.8.0.RELEASE\plugins\org.eclipse.justj.openjdk.hotspot.jre.full.win32.x86_64_14.0.2.v20200815-0932\jre\bin\jimage.dll
0x00007ffc5a710000 - 0x00007ffc5a8d9000 	C:\WINDOWS\SYSTEM32\DBGHELP.DLL
0x00007ffc5a350000 - 0x00007ffc5a379000 	C:\WINDOWS\SYSTEM32\dbgcore.DLL
0x00007ffc394f0000 - 0x00007ffc39515000 	C:\Users\natraj\Documents\sts2\Sts-lastProject\sts-4.8.0.RELEASE\plugins\org.eclipse.justj.openjdk.hotspot.jre.full.win32.x86_64_14.0.2.v20200815-0932\jre\bin\java.dll
0x00007ffc38ee0000 - 0x00007ffc38ef6000 	C:\Users\natraj\Documents\sts2\Sts-lastProject\sts-4.8.0.RELEASE\plugins\org.eclipse.justj.openjdk.hotspot.jre.full.win32.x86_64_14.0.2.v20200815-0932\jre\bin\zip.dll
0x00007ffc68410000 - 0x00007ffc69850000 	C:\WINDOWS\System32\SHELL32.dll
0x00007ffc68010000 - 0x00007ffc680b9000 	C:\WINDOWS\System32\shcore.dll
0x00007ffc66bd0000 - 0x00007ffc672dd000 	C:\WINDOWS\System32\windows.storage.dll
0x00007ffc69fa0000 - 0x00007ffc69ff1000 	C:\WINDOWS\System32\shlwapi.dll
0x00007ffc66b70000 - 0x00007ffc66b8f000 	C:\WINDOWS\System32\profapi.dll
0x00007ffc66af0000 - 0x00007ffc66b3c000 	C:\WINDOWS\System32\powrprof.dll
0x00007ffc66b60000 - 0x00007ffc66b6a000 	C:\WINDOWS\System32\FLTLIB.DLL
0x00007ffc38ec0000 - 0x00007ffc38ed9000 	C:\Users\natraj\Documents\sts2\Sts-lastProject\sts-4.8.0.RELEASE\plugins\org.eclipse.justj.openjdk.hotspot.jre.full.win32.x86_64_14.0.2.v20200815-0932\jre\bin\net.dll
0x00007ffc5d920000 - 0x00007ffc5d9fd000 	C:\WINDOWS\SYSTEM32\WINHTTP.dll
0x00007ffc66310000 - 0x00007ffc66376000 	C:\WINDOWS\system32\mswsock.dll
0x00007ffc38ea0000 - 0x00007ffc38eb2000 	C:\Users\natraj\Documents\sts2\Sts-lastProject\sts-4.8.0.RELEASE\plugins\org.eclipse.justj.openjdk.hotspot.jre.full.win32.x86_64_14.0.2.v20200815-0932\jre\bin\nio.dll
0x00007ffc394e0000 - 0x00007ffc394e9000 	C:\Users\natraj\Documents\sts2\Sts-lastProject\sts-4.8.0.RELEASE\plugins\org.eclipse.justj.openjdk.hotspot.jre.full.win32.x86_64_14.0.2.v20200815-0932\jre\bin\management.dll
0x00007ffc39330000 - 0x00007ffc3933b000 	C:\Users\natraj\Documents\sts2\Sts-lastProject\sts-4.8.0.RELEASE\plugins\org.eclipse.justj.openjdk.hotspot.jre.full.win32.x86_64_14.0.2.v20200815-0932\jre\bin\management_ext.dll
0x00007ffc46b10000 - 0x00007ffc46b26000 	C:\WINDOWS\system32\napinsp.dll
0x00007ffc46af0000 - 0x00007ffc46b0a000 	C:\WINDOWS\system32\pnrpnsp.dll
0x00007ffc63440000 - 0x00007ffc63459000 	C:\WINDOWS\system32\NLAapi.dll
0x00007ffc660d0000 - 0x00007ffc6618e000 	C:\WINDOWS\SYSTEM32\DNSAPI.dll
0x00007ffc680c0000 - 0x00007ffc680c8000 	C:\WINDOWS\System32\NSI.dll
0x00007ffc66090000 - 0x00007ffc660c8000 	C:\WINDOWS\SYSTEM32\IPHLPAPI.DLL
0x00007ffc4dfe0000 - 0x00007ffc4dfee000 	C:\WINDOWS\System32\winrnr.dll
0x00007ffc5d1f0000 - 0x00007ffc5d1fa000 	C:\Windows\System32\rasadhlp.dll
0x00007ffc5d8a0000 - 0x00007ffc5d912000 	C:\WINDOWS\System32\fwpuclnt.dll
0x00007ffc665f0000 - 0x00007ffc66615000 	C:\WINDOWS\SYSTEM32\bcrypt.dll
0x00007ffc664c0000 - 0x00007ffc664d7000 	C:\WINDOWS\SYSTEM32\CRYPTSP.dll
0x00007ffc65ef0000 - 0x00007ffc65f23000 	C:\WINDOWS\system32\rsaenh.dll
0x00007ffc669f0000 - 0x00007ffc66a18000 	C:\WINDOWS\SYSTEM32\USERENV.dll
0x00007ffc664e0000 - 0x00007ffc664eb000 	C:\WINDOWS\SYSTEM32\CRYPTBASE.dll
0x00007ffc5ec80000 - 0x00007ffc5ec96000 	C:\WINDOWS\SYSTEM32\dhcpcsvc6.DLL
0x00007ffc608b0000 - 0x00007ffc608ca000 	C:\WINDOWS\SYSTEM32\dhcpcsvc.DLL

dbghelp: loaded successfully - version: 4.0.5 - missing functions: none
symbol engine: initialized successfully - sym options: 0x614 - pdb path: .;C:\Users\natraj\Documents\sts2\Sts-lastProject\sts-4.8.0.RELEASE\plugins\org.eclipse.justj.openjdk.hotspot.jre.full.win32.x86_64_14.0.2.v20200815-0932\jre\bin;C:\WINDOWS\SYSTEM32;C:\WINDOWS\WinSxS\amd64_microsoft.windows.common-controls_6595b64144ccf1df_6.0.17134.112_none_fb3f961b30681c12;C:\Users\natraj\Documents\sts2\Sts-lastProject\sts-4.8.0.RELEASE\plugins\org.eclipse.justj.openjdk.hotspot.jre.full.win32.x86_64_14.0.2.v20200815-0932\jre\bin\server

VM Arguments:
jvm_args: -Dcom.sun.management.jmxremote -Dcom.sun.management.jmxremote.port=54938 -Dcom.sun.management.jmxremote.authenticate=false -Dcom.sun.management.jmxremote.ssl=false -Djava.rmi.server.hostname=localhost -Dspring.jmx.enabled=true -Dspring.application.admin.enabled=true -Xverify:none -XX:TieredStopAtLevel=1 -Dspring.boot.project.name=RegestrationManagement8 -Dfile.encoding=UTF-8 -XX:+ShowCodeDetailsInExceptionMessages 
java_command: com.sumit.feign.RegestrationManagementApplication --spring.output.ansi.enabled=always
java_class_path (initial): C:\Users\natraj\Documents\sts2\Sts-lastProject\Sts workspace for project\RegestrationManagement8\target\classes;C:\Users\natraj\.m2\repository\io\jsonwebtoken\jjwt\0.9.1\jjwt-0.9.1.jar;C:\Users\natraj\.m2\repository\com\fasterxml\jackson\core\jackson-databind\2.12.5\jackson-databind-2.12.5.jar;C:\Users\natraj\.m2\repository\javax\xml\bind\jaxb-api\2.3.1\jaxb-api-2.3.1.jar;C:\Users\natraj\.m2\repository\javax\activation\javax.activation-api\1.2.0\javax.activation-api-1.2.0.jar;C:\Users\natraj\.m2\repository\org\springframework\boot\spring-boot-starter-jdbc\2.5.6\spring-boot-starter-jdbc-2.5.6.jar;C:\Users\natraj\.m2\repository\org\springframework\boot\spring-boot-starter\2.5.6\spring-boot-starter-2.5.6.jar;C:\Users\natraj\.m2\repository\org\springframework\boot\spring-boot-starter-logging\2.5.6\spring-boot-starter-logging-2.5.6.jar;C:\Users\natraj\.m2\repository\ch\qos\logback\logback-classic\1.2.6\logback-classic-1.2.6.jar;C:\Users\natraj\.m2\repository\ch\qos\logback\logback-core\1.2.6\logback-core-1.2.6.jar;C:\Users\natraj\.m2\repository\org\apache\logging\log4j\log4j-to-slf4j\2.14.1\log4j-to-slf4j-2.14.1.jar;C:\Users\natraj\.m2\repository\org\apache\logging\log4j\log4j-api\2.14.1\log4j-api-2.14.1.jar;C:\Users\natraj\.m2\repository\org\slf4j\jul-to-slf4j\1.7.32\jul-to-slf4j-1.7.32.jar;C:\Users\natraj\.m2\repository\jakarta\annotation\jakarta.annotation-api\1.3.5\jakarta.annotation-api-1.3.5.jar;C:\Users\natraj\.m2\repository\org\yaml\snakeyaml\1.28\snakeyaml-1.28.jar;C:\Users\natraj\.m2\repository\com\zaxxer\HikariCP\4.0.3\HikariCP-4.0.3.jar;C:\Users\natraj\.m2\repository\org\slf4j\slf4j-api\1.7.32\slf4j-api-1.7.32.jar;C:\Users\natraj\.m2\repository\org\springframework\spring-jdbc\5.3.12\spring-jdbc-5.3.12.jar;C:\Users\natraj\.m2\repository\org\springframework\spring-beans\5.3.12\spring-beans-5.3.12.jar;C:\Users\natraj\.m2\repository\org\springframework\spring-tx\5.3.12\spring-tx-5.3.12.jar;C:\Users\natraj\.m2\repository\org\springfram
Launcher Type: SUN_STANDARD

[Global flags]
     intx CICompilerCount                          = 3                                         {product} {ergonomic}
     uint ConcGCThreads                            = 1                                         {product} {ergonomic}
     uint G1ConcRefinementThreads                  = 4                                         {product} {ergonomic}
   size_t G1HeapRegionSize                         = 1048576                                   {product} {ergonomic}
    uintx GCDrainStackTargetSize                   = 64                                        {product} {ergonomic}
   size_t InitialHeapSize                          = 134217728                                 {product} {ergonomic}
     bool ManagementServer                         = true                                      {product} {command line}
   size_t MarkStackSize                            = 4194304                                   {product} {ergonomic}
   size_t MaxHeapSize                              = 2147483648                                {product} {ergonomic}
   size_t MaxNewSize                               = 1287651328                                {product} {ergonomic}
   size_t MinHeapDeltaBytes                        = 1048576                                   {product} {ergonomic}
   size_t MinHeapSize                              = 8388608                                   {product} {ergonomic}
    uintx NonNMethodCodeHeapSize                   = 6973028                                {pd product} {ergonomic}
    uintx NonProfiledCodeHeapSize                  = 244685212                              {pd product} {ergonomic}
    uintx ProfiledCodeHeapSize                     = 0                                      {pd product} {ergonomic}
    uintx ReservedCodeCacheSize                    = 251658240                              {pd product} {ergonomic}
     bool SegmentedCodeCache                       = true                                      {product} {ergonomic}
     bool ShowCodeDetailsInExceptionMessages       = true                                   {manageable} {command line}
   size_t SoftMaxHeapSize                          = 2147483648                             {manageable} {ergonomic}
     intx TieredStopAtLevel                        = 1                                         {product} {command line}
     bool UseCompressedClassPointers               = true                                 {lp64_product} {ergonomic}
     bool UseCompressedOops                        = true                                 {lp64_product} {ergonomic}
     bool UseG1GC                                  = true                                      {product} {ergonomic}
     bool UseLargePagesIndividualAllocation        = false                                  {pd product} {ergonomic}

Logging:
Log output configuration:
 #0: stdout all=warning uptime,level,tags
 #1: stderr all=off uptime,level,tags

Environment Variables:
JAVA_HOME=C:\Program Files\Java\jre1.8.0_202
PATH=C:/Users/natraj/Documents/sts2/Sts-lastProject/sts-4.8.0.RELEASE//plugins/org.eclipse.justj.openjdk.hotspot.jre.full.win32.x86_64_14.0.2.v20200815-0932/jre/bin/server;C:/Users/natraj/Documents/sts2/Sts-lastProject/sts-4.8.0.RELEASE//plugins/org.eclipse.justj.openjdk.hotspot.jre.full.win32.x86_64_14.0.2.v20200815-0932/jre/bin;C:\Program Files\nodejs\node_modules\npm;C:\Program Files\nodejs\;C:\Program Files\Java\jre1.8.0_202\bin;C:\Users\natraj\AppData\Local\Microsoft\WindowsApps;C:\Program Files\Java\jre1.8.0_202\bin;;C:\Users\natraj\Documents\sts2\Sts-lastProject\sts-4.8.0.RELEASE;
USERNAME=natraj
OS=Windows_NT
PROCESSOR_IDENTIFIER=Intel64 Family 6 Model 44 Stepping 2, GenuineIntel



---------------  S Y S T E M  ---------------

OS: Windows 10 , 64 bit Build 17134 (10.0.17134.1)
OS uptime: 45 days 9:42 hours

CPU:total 4 (initial active 4) (4 cores per cpu, 1 threads per core) family 6 model 44 stepping 2, cmov, cx8, fxsr, mmx, sse, sse2, sse3, ssse3, sse4.1, sse4.2, popcnt, aes, clmul, tsc, tscinvbit, tscinv

Memory: 4k page, system-wide physical 8191M (225M free)
TotalPageFile size 12287M (AvailPageFile size 0M)
current process WorkingSet (physical memory assigned to process): 140M, peak: 208M
current process commit charge ("private bytes"): 236M, peak: 237M

vm_info: OpenJDK 64-Bit Server VM (14.0.2+12-46) for windows-amd64 JRE (14.0.2+12-46), built on Jul  9 2020 00:31:16 by "mach5one" with MS VC++ 15.9 (VS2017)

END.
